[debug] [2023-06-05T19:15:58.622Z] ----------------------------------------------------------------------
[debug] [2023-06-05T19:15:58.627Z] Command:       C:\Program Files\nodejs\node.exe C:\Users\Client\AppData\Roaming\npm\node_modules\firebase-tools\lib\bin\firebase.js init
[debug] [2023-06-05T19:15:58.628Z] CLI Version:   12.3.0
[debug] [2023-06-05T19:15:58.629Z] Platform:      win32
[debug] [2023-06-05T19:15:58.629Z] Node Version:  v18.14.0
[debug] [2023-06-05T19:15:58.635Z] Time:          Mon Jun 05 2023 21:15:58 GMT+0200 (heure d’été d’Europe centrale)
[debug] [2023-06-05T19:15:58.635Z] ----------------------------------------------------------------------
[debug] 
[debug] [2023-06-05T19:15:58.657Z] > command requires scopes: ["email","openid","https://www.googleapis.com/auth/cloudplatformprojects.readonly","https://www.googleapis.com/auth/firebase","https://www.googleapis.com/auth/cloud-platform"]
[debug] [2023-06-05T19:15:58.658Z] > authorizing via signed-in user (ons.abderrazek@gmail.com)
[info] 
     ######## #### ########  ######## ########     ###     ######  ########
     ##        ##  ##     ## ##       ##     ##  ##   ##  ##       ##
     ######    ##  ########  ######   ########  #########  ######  ######
     ##        ##  ##    ##  ##       ##     ## ##     ##       ## ##
     ##       #### ##     ## ######## ########  ##     ##  ######  ########

You're about to initialize a Firebase project in this directory:

  C:\e-menu\frontend

Before we get started, keep in mind:

  * You are currently outside your home directory

